<?xml version="1.0" encoding="UTF-8"?>
<!-- Generated by org.testng.reporters.JUnitReportReporter -->
<testsuite hostname="DESKTOP-NSRO2Q3" failures="0" tests="4" name="com.actitime.testscript.DDT" time="36.655" errors="0" timestamp="2025-06-20T07:22:39 IST" skipped="0">
  <testcase classname="com.actitime.testscript.DDT" name="login" time="10.224"/>
  <system-out/>
  <testcase classname="com.actitime.testscript.DDT" name="login" time="9.441"/>
  <system-out/>
  <testcase classname="com.actitime.testscript.DDT" name="login" time="8.000"/>
  <system-out/>
  <testcase classname="com.actitime.testscript.DDT" name="login" time="8.990"/>
  <system-out/>
</testsuite> <!-- com.actitime.testscript.DDT -->
