<?xml version="1.0" encoding="UTF-8"?>
<!-- Generated by org.testng.reporters.JUnitReportReporter -->
<testsuite hostname="DESKTOP-NSRO2Q3" failures="0" tests="1" name="com.actitime.pom.TestMethodCls" time="5.665" errors="0" timestamp="2025-02-25T14:56:10 IST" skipped="0">
  <testcase classname="com.actitime.pom.TestMethodCls" name="validLogin" time="5.665"/>
  <system-out/>
</testsuite> <!-- com.actitime.pom.TestMethodCls -->
