<?xml version="1.0" encoding="UTF-8"?>
<!-- Generated by org.testng.reporters.JUnitReportReporter -->
<testsuite hostname="DESKTOP-NSRO2Q3" failures="0" tests="1" name="com.actitime.testscript.ProjectModule" time="23.705" errors="0" timestamp="2025-06-19T08:00:37 IST" skipped="0">
  <testcase classname="com.actitime.testscript.ProjectModule" name="createProject" time="23.705"/>
  <system-out>
    <![CDATA[createCustomer]]>
  </system-out>
</testsuite> <!-- com.actitime.testscript.ProjectModule -->
