<?xml version="1.0" encoding="UTF-8"?>
<!-- Generated by org.testng.reporters.JUnitReportReporter -->
<testsuite hostname="DESKTOP-NSRO2Q3" failures="0" tests="1" name="com.actitime.testscript.DemoTestNG" time="0.061" errors="0" timestamp="2025-02-15T13:39:28 IST" skipped="0">
  <testcase classname="com.actitime.testscript.DemoTestNG" name="demo" time="0.061"/>
  <system-out>
    <![CDATA[hi
bye
hello]]>
  </system-out>
</testsuite> <!-- com.actitime.testscript.DemoTestNG -->
