<?xml version="1.0" encoding="UTF-8"?>
<!-- Generated by org.testng.reporters.JUnitReportReporter -->
<testsuite hostname="DESKTOP-NSRO2Q3" failures="0" tests="1" name="com.actitime.testscript.DemoScreenShot" time="7.675" errors="0" timestamp="2025-02-19T14:35:06 IST" skipped="0">
  <testcase classname="com.actitime.testscript.DemoScreenShot" name="screenShot" time="7.675"/>
  <system-out/>
</testsuite> <!-- com.actitime.testscript.DemoScreenShot -->
